
> sld-ui-lib@1.0.0 build-storybook /Users/james/dev/chromatic-test
> storybook build "--output-dir" "/var/folders/py/943bbyfs04g2q_v_d54s7r040000gn/T/chromatic--80658-A2Wepoexwp3t"

storybook v8.2.9

info => Cleaning outputDir: ../../../../var/folders/py/943bbyfs04g2q_v_d54s7r040000gn/T/chromatic--80658-A2Wepoexwp3t
info => Loading presets
WARN The "@storybook/addon-mdx-gfm" addon is meant as a migration assistant for Storybook 8.0; and will likely be removed in a future version.
WARN It's recommended you read this document:
WARN https://storybook.js.org/docs/writing-docs/mdx#markdown-tables-arent-rendering-correctly
WARN 
WARN Once you've made the necessary changes, you can remove the addon from your package.json and storybook config.
info => Building manager..
info => Manager built (95 ms)
info => Building preview..
WARN 🚨 Unable to index ./src/components/button-copy/__docs__/Button.mdx:
WARN   Error: Invariant failed
WARN     at invariant (/Users/james/dev/chromatic-test/node_modules/.pnpm/@storybook+core@8.2.9/node_modules/@storybook/core/dist/core-server/index.cjs:254656:13)
WARN     at BT.extractDocs (/Users/james/dev/chromatic-test/node_modules/.pnpm/@storybook+core@8.2.9/node_modules/@storybook/core/dist/core-server/index.cjs:255118:13)
WARN     at async /Users/james/dev/chromatic-test/node_modules/.pnpm/@storybook+core@8.2.9/node_modules/@storybook/core/dist/core-server/index.cjs:254975:24
WARN     at async Promise.all (index 0)
WARN     at async Promise.all (index 0)
WARN     at async BT.updateExtracted (/Users/james/dev/chromatic-test/node_modules/.pnpm/@storybook+core@8.2.9/node_modules/@storybook/core/dist/core-server/index.cjs:254963:5)
WARN     at async BT.ensureExtracted (/Users/james/dev/chromatic-test/node_modules/.pnpm/@storybook+core@8.2.9/node_modules/@storybook/core/dist/core-server/index.cjs:255003:8)
WARN     at async BT.initialize (/Users/james/dev/chromatic-test/node_modules/.pnpm/@storybook+core@8.2.9/node_modules/@storybook/core/dist/core-server/index.cjs:254957:5)
WARN     at async extractStoriesJson (/Users/james/dev/chromatic-test/node_modules/.pnpm/@storybook+core@8.2.9/node_modules/@storybook/core/dist/core-server/index.cjs:254601:18)
WARN     at async Promise.all (index 3)
Error: Unable to index ./src/components/button-copy/__docs__/Button.mdx
    at BT.getIndexAndStats (./node_modules/.pnpm/@storybook+core@8.2.9/node_modules/@storybook/core/dist/core-server/index.cjs:255222:15)
    at async BT.getIndex (./node_modules/.pnpm/@storybook+core@8.2.9/node_modules/@storybook/core/dist/core-server/index.cjs:255212:13)
    at async extractStoriesJson (./node_modules/.pnpm/@storybook+core@8.2.9/node_modules/@storybook/core/dist/core-server/index.cjs:254601:11)
    at async Promise.all (index 3)
    at async buildStaticStandalone (./node_modules/.pnpm/@storybook+core@8.2.9/node_modules/@storybook/core/dist/core-server/index.cjs:255454:3)
    at async withTelemetry (./node_modules/.pnpm/@storybook+core@8.2.9/node_modules/@storybook/core/dist/core-server/index.cjs:255711:12)
    at async build (./node_modules/.pnpm/storybook@8.2.9_@babel+preset-env@7.25.4_@babel+core@7.25.2_/node_modules/storybook/dist/generate.cjs:738:1337)
    at async Command.<anonymous> (./node_modules/.pnpm/storybook@8.2.9_@babel+preset-env@7.25.4_@babel+core@7.25.2_/node_modules/storybook/dist/generate.cjs:741:145)
info Using tsconfig paths for react-docgen
[36mvite v4.5.3 [32mbuilding for production...[36m[39m
transforming...
[32m✓[39m 69 modules transformed.
[32m✓ built in 1.29s[39m
=> Failed to build the preview
 ELIFECYCLE  Command failed with exit code 1.
